  skeleton.cpp
c:\users\asus\desktop\distance_detection\cs555-visual-studio-skeleton-master\cs555-skeleton\skeleton.cpp(101): warning C4244: 'initializing': conversion from 'double' to 'int', possible loss of data
c:\users\asus\desktop\distance_detection\cs555-visual-studio-skeleton-master\cs555-skeleton\skeleton.cpp(102): warning C4244: 'initializing': conversion from 'double' to 'int', possible loss of data
c:\users\asus\desktop\distance_detection\cs555-visual-studio-skeleton-master\cs555-skeleton\skeleton.cpp(111): warning C4267: '=': conversion from 'size_t' to 'int', possible loss of data
c:\users\asus\desktop\distance_detection\cs555-visual-studio-skeleton-master\cs555-skeleton\skeleton.cpp(167): warning C4244: 'argument': conversion from 'double' to 'int', possible loss of data
c:\users\asus\desktop\distance_detection\cs555-visual-studio-skeleton-master\cs555-skeleton\skeleton.cpp(172): warning C4244: 'argument': conversion from 'double' to 'int', possible loss of data
c:\users\asus\desktop\distance_detection\cs555-visual-studio-skeleton-master\cs555-skeleton\skeleton.cpp(173): warning C4244: 'argument': conversion from 'double' to 'int', possible loss of data
c:\users\asus\desktop\distance_detection\cs555-visual-studio-skeleton-master\cs555-skeleton\skeleton.cpp(174): warning C4244: 'argument': conversion from 'double' to 'int', possible loss of data
c:\users\asus\desktop\distance_detection\cs555-visual-studio-skeleton-master\cs555-skeleton\skeleton.cpp(175): warning C4244: 'argument': conversion from 'double' to 'int', possible loss of data
c:\users\asus\desktop\distance_detection\cs555-visual-studio-skeleton-master\cs555-skeleton\skeleton.cpp(176): warning C4244: 'argument': conversion from 'double' to 'int', possible loss of data
c:\users\asus\desktop\distance_detection\cs555-visual-studio-skeleton-master\cs555-skeleton\skeleton.cpp(177): warning C4244: 'argument': conversion from 'double' to 'int', possible loss of data
c:\users\asus\desktop\distance_detection\cs555-visual-studio-skeleton-master\cs555-skeleton\skeleton.cpp(179): warning C4244: 'argument': conversion from 'double' to 'int', possible loss of data
c:\users\asus\desktop\distance_detection\cs555-visual-studio-skeleton-master\cs555-skeleton\skeleton.cpp(180): warning C4244: 'argument': conversion from 'double' to 'int', possible loss of data
c:\users\asus\desktop\distance_detection\cs555-visual-studio-skeleton-master\cs555-skeleton\skeleton.cpp(181): warning C4244: 'argument': conversion from 'double' to 'int', possible loss of data
c:\users\asus\desktop\distance_detection\cs555-visual-studio-skeleton-master\cs555-skeleton\skeleton.cpp(182): warning C4244: 'argument': conversion from 'double' to 'int', possible loss of data
c:\users\asus\desktop\distance_detection\cs555-visual-studio-skeleton-master\cs555-skeleton\skeleton.cpp(183): warning C4244: 'argument': conversion from 'double' to 'int', possible loss of data
c:\users\asus\desktop\distance_detection\cs555-visual-studio-skeleton-master\cs555-skeleton\skeleton.cpp(184): warning C4244: 'argument': conversion from 'double' to 'int', possible loss of data
c:\users\asus\desktop\distance_detection\cs555-visual-studio-skeleton-master\cs555-skeleton\skeleton.cpp(186): warning C4244: 'argument': conversion from 'double' to 'int', possible loss of data
c:\users\asus\desktop\distance_detection\cs555-visual-studio-skeleton-master\cs555-skeleton\skeleton.cpp(187): warning C4244: 'argument': conversion from 'double' to 'int', possible loss of data
c:\users\asus\desktop\distance_detection\cs555-visual-studio-skeleton-master\cs555-skeleton\skeleton.cpp(188): warning C4244: 'argument': conversion from 'double' to 'int', possible loss of data
c:\users\asus\desktop\distance_detection\cs555-visual-studio-skeleton-master\cs555-skeleton\skeleton.cpp(189): warning C4244: 'argument': conversion from 'double' to 'int', possible loss of data
c:\users\asus\desktop\distance_detection\cs555-visual-studio-skeleton-master\cs555-skeleton\skeleton.cpp(190): warning C4244: 'argument': conversion from 'double' to 'int', possible loss of data
c:\users\asus\desktop\distance_detection\cs555-visual-studio-skeleton-master\cs555-skeleton\skeleton.cpp(191): warning C4244: 'argument': conversion from 'double' to 'int', possible loss of data
c:\users\asus\desktop\distance_detection\cs555-visual-studio-skeleton-master\cs555-skeleton\skeleton.cpp(193): warning C4244: 'argument': conversion from 'double' to 'int', possible loss of data
c:\users\asus\desktop\distance_detection\cs555-visual-studio-skeleton-master\cs555-skeleton\skeleton.cpp(194): warning C4244: 'argument': conversion from 'double' to 'int', possible loss of data
c:\users\asus\desktop\distance_detection\cs555-visual-studio-skeleton-master\cs555-skeleton\skeleton.cpp(195): warning C4244: 'argument': conversion from 'double' to 'int', possible loss of data
c:\users\asus\desktop\distance_detection\cs555-visual-studio-skeleton-master\cs555-skeleton\skeleton.cpp(196): warning C4244: 'argument': conversion from 'double' to 'int', possible loss of data
c:\users\asus\desktop\distance_detection\cs555-visual-studio-skeleton-master\cs555-skeleton\skeleton.cpp(197): warning C4244: 'argument': conversion from 'double' to 'int', possible loss of data
c:\users\asus\desktop\distance_detection\cs555-visual-studio-skeleton-master\cs555-skeleton\skeleton.cpp(198): warning C4244: 'argument': conversion from 'double' to 'int', possible loss of data
c:\users\asus\desktop\distance_detection\cs555-visual-studio-skeleton-master\cs555-skeleton\skeleton.cpp(207): warning C4244: 'argument': conversion from 'double' to 'int', possible loss of data
c:\users\asus\desktop\distance_detection\cs555-visual-studio-skeleton-master\cs555-skeleton\skeleton.cpp(42): warning C4101: 'array_x': unreferenced local variable
c:\users\asus\desktop\distance_detection\cs555-visual-studio-skeleton-master\cs555-skeleton\skeleton.cpp(43): warning C4101: 'array_y': unreferenced local variable
  cs555-skeleton.vcxproj -> C:\Users\Asus\Desktop\distance_detection\cs555-visual-studio-skeleton-master\x64\Debug\cs555-skeleton.exe
  cs555-skeleton.vcxproj -> C:\Users\Asus\Desktop\distance_detection\cs555-visual-studio-skeleton-master\x64\Debug\cs555-skeleton.pdb (Full PDB)
